<?xml version="1.0" encoding="UTF-8"?>
<!-- Generated by org.testng.reporters.JUnitXMLReporter -->
<testsuite ignored="0" hostname="DESKTOP-0VCR122" failures="0" tests="30" name="SuperPharmProject" time="343.822" errors="0" timestamp="2023-04-29T12:21:41 IDT">
  <testcase classname="Testing.TestNG_RegisterAndLogin" name="T01_Registration_first_name_test" time="0.839"/>
  <testcase classname="Testing.TestNG_RegisterAndLogin" name="T02_Registration_last_name_test" time="0.65"/>
  <testcase classname="Testing.TestNG_RegisterAndLogin" name="T03_Registration_Email_test" time="0.625"/>
  <testcase classname="Testing.TestNG_RegisterAndLogin" name="T04_Login_Email_and_password_test" time="3.514"/>
  <testcase classname="Testing.TestNG_Cart" name="T05_Check_item_price_test" time="8.909"/>
  <testcase classname="Testing.TestNG_Cart" name="T06_Check_item_price_updated_test" time="15.613"/>
  <testcase classname="Testing.TestNG_Cart" name="T07_Check_cart_float_number_test" time="21.022"/>
  <testcase classname="Testing.TestNG_Cart" name="T08_Add_remove_item_by_less_btn_test" time="26.003"/>
  <testcase classname="Testing.TestNG_Cart" name="T09_Remove_item_by_x_btn_test" time="51.143"/>
  <testcase classname="Testing.TestNG_On_Sale" name="T10_Item_content_error_test" time="1.184"/>
  <testcase classname="Testing.TestNG_On_Sale" name="T11_Add_item_to_cart_via_content_window_test" time="5.603"/>
  <testcase classname="Testing.TestNG_On_Sale" name="T12_Discount_check_test" time="36.198"/>
  <testcase classname="Testing.TestNG_Optic" name="T13_verify_proper_filtering" time="4.795"/>
  <testcase classname="Testing.TestNG_Optic" name="T14_verify_that_all_elements_got_picture" time="2.649"/>
  <testcase classname="Testing.TestNG_Coupons" name="T15_Black_tag_compare_test" time="1.957"/>
  <testcase classname="Testing.TestNG_Links" name="T16_Navigation_to_item_page_when_item_out_of_stock_test" time="22.288"/>
  <testcase classname="Testing.TestNG_Links" name="T17_Navigation_to_item_page_test" time="22.72"/>
  <testcase classname="Testing.TestNG_Links" name="T18_Search_item_via_category_submenu" time="6.164"/>
  <testcase classname="Testing.TestNG_Items_and_Price_Compare" name="T19_find_the_cheapest_item_test" time="2.935"/>
  <testcase classname="Testing.TestNG_Items_and_Price_Compare" name="T20_Search_and_Filter_match_to_result_box_test" time="15.991"/>
  <testcase classname="Testing.TestNG_Logo" name="T21_Logo_home_page_test" time="19.028"/>
  <testcase classname="Testing.TestNG_Logo" name="T22_Logo_size_test" time="0.122"/>
  <testcase classname="Testing.TestNG_Categories" name="T23_Sort_and_filter_test" time="10.349"/>
  <testcase classname="Testing.TestNG_Categories" name="T24_Add_filter_and_check_title_test" time="0.642"/>
  <testcase classname="Testing.TestNG_Categories" name="T25_Compare_2_list_content_test" time="4.217"/>
  <testcase classname="Testing.TestNG_Favorite_and_No_inventory" name="T26_Add_to_favorite_test" time="2.551"/>
  <testcase classname="Testing.TestNG_Favorite_and_No_inventory" name="T27_Add_item_to_cart" time="0.065"/>
  <testcase classname="Testing.TestNG_Join_lifestyle" name="T28_ID_field" time="5.971"/>
  <testcase classname="Testing.TestNG_Join_lifestyle" name="T29_Phone_field" time="0.251"/>
  <testcase classname="Testing.TestNG_Join_lifestyle" name="T30_First_name_field" time="0.24"/>
</testsuite> <!-- SuperPharmProject -->
