<?xml version="1.0" encoding="UTF-8"?>
<!-- Generated by org.testng.reporters.JUnitXMLReporter -->
<testsuite ignored="0" hostname="DESKTOP-0VCR122" failures="0" tests="3" name="Command line test" time="30.936" errors="0" timestamp="2023-04-29T12:13:34 IDT">
  <testcase classname="Testing.TestNG_Categories" name="T23_Sort_and_filter_test" time="12.449"/>
  <testcase classname="Testing.TestNG_Categories" name="T24_Add_filter_and_check_title_test" time="0.635"/>
  <testcase classname="Testing.TestNG_Categories" name="T25_Compare_2_list_content_test" time="12.41"/>
</testsuite> <!-- Command line test -->
