<?xml version="1.0" encoding="UTF-8"?>
<testng-results ignored="0" total="5" passed="5" failed="0" skipped="0">
  <reporter-output>
  </reporter-output>
  <suite started-at="2023-05-03T22:17:05 IDT" name="Command line suite" finished-at="2023-05-03T22:19:33 IDT" duration-ms="148437">
    <groups>
    </groups>
    <test started-at="2023-05-03T22:17:05 IDT" name="Command line test" finished-at="2023-05-03T22:19:33 IDT" duration-ms="148437">
      <class name="Testing.TestNG_Cart">
        <test-method is-config="true" signature="BeforeClass()[pri:0, instance:Testing.TestNG_Cart@1e607a5a]" started-at="2023-05-03T22:17:05 IDT" name="BeforeClass" finished-at="2023-05-03T22:17:23 IDT" duration-ms="18596" status="PASS">
          <reporter-output>
          </reporter-output>
        </test-method> <!-- BeforeClass -->
        <test-method signature="T05_Check_item_price_test()[pri:1, instance:Testing.TestNG_Cart@1e607a5a]" started-at="2023-05-03T22:17:23 IDT" name="T05_Check_item_price_test" finished-at="2023-05-03T22:17:40 IDT" duration-ms="16830" status="PASS">
          <reporter-output>
          </reporter-output>
        </test-method> <!-- T05_Check_item_price_test -->
        <test-method signature="T06_Check_item_price_updated_test()[pri:2, instance:Testing.TestNG_Cart@1e607a5a]" started-at="2023-05-03T22:17:40 IDT" name="T06_Check_item_price_updated_test" finished-at="2023-05-03T22:17:56 IDT" duration-ms="16510" status="PASS">
          <reporter-output>
          </reporter-output>
        </test-method> <!-- T06_Check_item_price_updated_test -->
        <test-method signature="T07_Check_cart_float_number_test()[pri:3, instance:Testing.TestNG_Cart@1e607a5a]" started-at="2023-05-03T22:17:56 IDT" name="T07_Check_cart_float_number_test" finished-at="2023-05-03T22:18:18 IDT" depends-on-methods="Testing.TestNG_Cart.T06_Check_item_price_updated_test" duration-ms="21095" status="PASS">
          <reporter-output>
          </reporter-output>
        </test-method> <!-- T07_Check_cart_float_number_test -->
        <test-method signature="T08_Add_remove_item_by_less_btn_test()[pri:4, instance:Testing.TestNG_Cart@1e607a5a]" started-at="2023-05-03T22:18:18 IDT" name="T08_Add_remove_item_by_less_btn_test" finished-at="2023-05-03T22:18:44 IDT" duration-ms="25958" status="PASS">
          <reporter-output>
          </reporter-output>
        </test-method> <!-- T08_Add_remove_item_by_less_btn_test -->
        <test-method signature="T09_Remove_item_by_x_btn_test()[pri:5, instance:Testing.TestNG_Cart@1e607a5a]" started-at="2023-05-03T22:18:44 IDT" name="T09_Remove_item_by_x_btn_test" finished-at="2023-05-03T22:19:32 IDT" duration-ms="48836" status="PASS">
          <reporter-output>
          </reporter-output>
        </test-method> <!-- T09_Remove_item_by_x_btn_test -->
        <test-method is-config="true" signature="AfterClass()[pri:0, instance:Testing.TestNG_Cart@1e607a5a]" started-at="2023-05-03T22:19:32 IDT" name="AfterClass" finished-at="2023-05-03T22:19:33 IDT" duration-ms="583" status="PASS">
          <reporter-output>
          </reporter-output>
        </test-method> <!-- AfterClass -->
      </class> <!-- Testing.TestNG_Cart -->
    </test> <!-- Command line test -->
  </suite> <!-- Command line suite -->
</testng-results>
